This file contains any messages produced by compilers while
running configure, to aid debugging if configure makes a mistake.

It was created by configure, which was
generated by GNU Autoconf 2.69.  Invocation command line was

  $ ./configure 

## --------- ##
## Platform. ##
## --------- ##

hostname = pyang-Lenovo-Y50-70
uname -m = x86_64
uname -r = 5.8.0-63-generic
uname -s = Linux
uname -v = #71-Ubuntu SMP Tue Jul 13 15:59:12 UTC 2021

/usr/bin/uname -p = x86_64
/bin/uname -X     = unknown

/bin/arch              = x86_64
/usr/bin/arch -k       = unknown
/usr/convex/getsysinfo = unknown
/usr/bin/hostinfo      = unknown
/bin/machine           = unknown
/usr/bin/oslevel       = unknown
/bin/universe          = unknown

PATH: /home/pyang/Install/ParaView-5.10.1-MPI-Linux-Python3.9-x86_64/bin
PATH: /home/pyang/Install/latexdiff
PATH: /home/pyang/Install/CWPROOT/bin
PATH: /home/pyang/Install/RSFROOT/bin
PATH: /home/pyang/Install/RSFROOT/bin
PATH: /home/pyang/.local/bin
PATH: /usr/local/sbin
PATH: /usr/local/bin
PATH: /usr/sbin
PATH: /usr/bin
PATH: /sbin
PATH: /bin
PATH: /usr/games
PATH: /usr/local/games
PATH: /snap/bin


## ----------- ##
## Core tests. ##
## ----------- ##

configure:2320: ============================== compilers ===========================
configure:2379: checking for gcc
configure:2395: found /usr/bin/gcc
configure:2406: result: gcc
configure:2437: checking for C compiler version
configure:2446: gcc --version >&5
gcc (Ubuntu 10.3.0-1ubuntu1~20.10) 10.3.0
Copyright (C) 2020 Free Software Foundation, Inc.
This is free software; see the source for copying conditions.  There is NO
warranty; not even for MERCHANTABILITY or FITNESS FOR A PARTICULAR PURPOSE.

configure:2457: $? = 0
configure:2446: gcc -v >&5
Using built-in specs.
COLLECT_GCC=gcc
COLLECT_LTO_WRAPPER=/usr/lib/gcc/x86_64-linux-gnu/10/lto-wrapper
OFFLOAD_TARGET_NAMES=nvptx-none:amdgcn-amdhsa:hsa
OFFLOAD_TARGET_DEFAULT=1
Target: x86_64-linux-gnu
Configured with: ../src/configure -v --with-pkgversion='Ubuntu 10.3.0-1ubuntu1~20.10' --with-bugurl=file:///usr/share/doc/gcc-10/README.Bugs --enable-languages=c,ada,c++,go,brig,d,fortran,objc,obj-c++,m2 --prefix=/usr --with-gcc-major-version-only --program-suffix=-10 --program-prefix=x86_64-linux-gnu- --enable-shared --enable-linker-build-id --libexecdir=/usr/lib --without-included-gettext --enable-threads=posix --libdir=/usr/lib --enable-nls --enable-bootstrap --enable-clocale=gnu --enable-libstdcxx-debug --enable-libstdcxx-time=yes --with-default-libstdcxx-abi=new --enable-gnu-unique-object --disable-vtable-verify --enable-plugin --enable-default-pie --with-system-zlib --enable-libphobos-checking=release --with-target-system-zlib=auto --enable-objc-gc=auto --enable-multiarch --disable-werror --with-arch-32=i686 --with-abi=m64 --with-multilib-list=m32,m64,mx32 --enable-multilib --with-tune=generic --enable-offload-targets=nvptx-none=/build/gcc-10-poYruo/gcc-10-10.3.0/debian/tmp-nvptx/usr,amdgcn-amdhsa=/build/gcc-10-poYruo/gcc-10-10.3.0/debian/tmp-gcn/usr,hsa --without-cuda-driver --enable-checking=release --build=x86_64-linux-gnu --host=x86_64-linux-gnu --target=x86_64-linux-gnu --with-build-config=bootstrap-lto-lean --enable-link-mutex
Thread model: posix
Supported LTO compression algorithms: zlib zstd
gcc version 10.3.0 (Ubuntu 10.3.0-1ubuntu1~20.10) 
... rest of stderr output deleted ...
configure:2457: $? = 0
configure:2446: gcc -V >&5
gcc: error: unrecognized command-line option '-V'
gcc: fatal error: no input files
compilation terminated.
configure:2457: $? = 1
configure:2446: gcc -qversion >&5
gcc: error: unrecognized command-line option '-qversion'; did you mean '--version'?
gcc: fatal error: no input files
compilation terminated.
configure:2457: $? = 1
configure:2477: checking whether the C compiler works
configure:2499: gcc    conftest.c  >&5
configure:2503: $? = 0
configure:2551: result: yes
configure:2554: checking for C compiler default output file name
configure:2556: result: a.out
configure:2562: checking for suffix of executables
configure:2569: gcc -o conftest    conftest.c  >&5
configure:2573: $? = 0
configure:2595: result: 
configure:2617: checking whether we are cross compiling
configure:2625: gcc -o conftest    conftest.c  >&5
configure:2629: $? = 0
configure:2636: ./conftest
configure:2640: $? = 0
configure:2628: result: no
configure:2633: checking for suffix of object files
configure:2655: gcc -c   conftest.c >&5
configure:2659: $? = 0
configure:2680: result: o
configure:2684: checking whether we are using the GNU C compiler
configure:2703: gcc -c   conftest.c >&5
configure:2703: $? = 0
configure:2712: result: yes
configure:2721: checking whether gcc accepts -g
configure:2741: gcc -c -g  conftest.c >&5
configure:2741: $? = 0
configure:2782: result: yes
configure:2799: checking for gcc option to accept ISO C89
configure:2862: gcc  -c -g -O2  conftest.c >&5
configure:2862: $? = 0
configure:2875: result: none needed
configure:2900: checking how to run the C preprocessor
configure:2931: gcc -E  conftest.c
configure:2931: $? = 0
configure:2945: gcc -E  conftest.c
conftest.c:9:10: fatal error: ac_nonexistent.h: No such file or directory
    9 | #include <ac_nonexistent.h>
      |          ^~~~~~~~~~~~~~~~~~
compilation terminated.
configure:2945: $? = 1
configure: failed program was:
| /* confdefs.h */
| #define PACKAGE_NAME ""
| #define PACKAGE_TARNAME ""
| #define PACKAGE_VERSION ""
| #define PACKAGE_STRING ""
| #define PACKAGE_BUGREPORT ""
| #define PACKAGE_URL ""
| /* end confdefs.h.  */
| #include <ac_nonexistent.h>
configure:2970: result: gcc -E
configure:2990: gcc -E  conftest.c
configure:2990: $? = 0
configure:3004: gcc -E  conftest.c
conftest.c:9:10: fatal error: ac_nonexistent.h: No such file or directory
    9 | #include <ac_nonexistent.h>
      |          ^~~~~~~~~~~~~~~~~~
compilation terminated.
configure:3004: $? = 1
configure: failed program was:
| /* confdefs.h */
| #define PACKAGE_NAME ""
| #define PACKAGE_TARNAME ""
| #define PACKAGE_VERSION ""
| #define PACKAGE_STRING ""
| #define PACKAGE_BUGREPORT ""
| #define PACKAGE_URL ""
| /* end confdefs.h.  */
| #include <ac_nonexistent.h>
configure:3048: checking whether gcc supports -Wmissing-declarations 
configure:3063: gcc -c -g -O2 -Wall -Wextra -Wmissing-declarations  conftest.c >&5
conftest.c:9:1: warning: return type defaults to 'int' [-Wimplicit-int]
    9 | main(){}
      | ^~~~
configure:3063: $? = 0
configure:3070: result: yes
configure:3048: checking whether gcc supports -Wmissing-prototypes 
configure:3063: gcc -c -g -O2 -Wall -Wextra -Wmissing-declarations -Wmissing-prototypes  conftest.c >&5
conftest.c:9:1: warning: return type defaults to 'int' [-Wimplicit-int]
    9 | main(){}
      | ^~~~
configure:3063: $? = 0
configure:3070: result: yes
configure:3048: checking whether gcc supports -Wimplicit-function-declaration 
configure:3063: gcc -c -g -O2 -Wall -Wextra -Wmissing-declarations -Wmissing-prototypes -Wimplicit-function-declaration  conftest.c >&5
conftest.c:9:1: warning: return type defaults to 'int' [-Wimplicit-int]
    9 | main(){}
      | ^~~~
configure:3063: $? = 0
configure:3070: result: yes
configure:3048: checking whether gcc supports -Wunused 
configure:3063: gcc -c -g -O2 -Wall -Wextra -Wmissing-declarations -Wmissing-prototypes -Wimplicit-function-declaration -Wunused  conftest.c >&5
conftest.c:9:1: warning: return type defaults to 'int' [-Wimplicit-int]
    9 | main(){}
      | ^~~~
configure:3063: $? = 0
configure:3070: result: yes
configure:3048: checking whether gcc supports -Wuninitialized 
configure:3063: gcc -c -g -O2 -Wall -Wextra -Wmissing-declarations -Wmissing-prototypes -Wimplicit-function-declaration -Wunused -Wuninitialized  conftest.c >&5
conftest.c:9:1: warning: return type defaults to 'int' [-Wimplicit-int]
    9 | main(){}
      | ^~~~
configure:3063: $? = 0
configure:3070: result: yes
configure:3048: checking whether gcc supports -Wvla 
configure:3063: gcc -c -g -O2 -Wall -Wextra -Wmissing-declarations -Wmissing-prototypes -Wimplicit-function-declaration -Wunused -Wuninitialized -Wvla  conftest.c >&5
conftest.c:9:1: warning: return type defaults to 'int' [-Wimplicit-int]
    9 | main(){}
      | ^~~~
configure:3063: $? = 0
configure:3070: result: yes
configure:3048: checking whether gcc supports -Wformat 
configure:3063: gcc -c -g -O2 -Wall -Wextra -Wmissing-declarations -Wmissing-prototypes -Wimplicit-function-declaration -Wunused -Wuninitialized -Wvla -Wformat  conftest.c >&5
conftest.c:9:1: warning: return type defaults to 'int' [-Wimplicit-int]
    9 | main(){}
      | ^~~~
configure:3063: $? = 0
configure:3070: result: yes
configure:3048: checking whether gcc supports -Wformat-security 
configure:3063: gcc -c -g -O2 -Wall -Wextra -Wmissing-declarations -Wmissing-prototypes -Wimplicit-function-declaration -Wunused -Wuninitialized -Wvla -Wformat -Wformat-security  conftest.c >&5
conftest.c:9:1: warning: return type defaults to 'int' [-Wimplicit-int]
    9 | main(){}
      | ^~~~
configure:3063: $? = 0
configure:3070: result: yes
configure:3048: checking whether gcc supports -Wmain 
configure:3063: gcc -c -g -O2 -Wall -Wextra -Wmissing-declarations -Wmissing-prototypes -Wimplicit-function-declaration -Wunused -Wuninitialized -Wvla -Wformat -Wformat-security -Wmain  conftest.c >&5
conftest.c:9:1: warning: return type defaults to 'int' [-Wimplicit-int]
    9 | main(){}
      | ^~~~
configure:3063: $? = 0
configure:3070: result: yes
configure:3048: checking whether gcc supports -Wsequence-point 
configure:3063: gcc -c -g -O2 -Wall -Wextra -Wmissing-declarations -Wmissing-prototypes -Wimplicit-function-declaration -Wunused -Wuninitialized -Wvla -Wformat -Wformat-security -Wmain -Wsequence-point  conftest.c >&5
conftest.c:9:1: warning: return type defaults to 'int' [-Wimplicit-int]
    9 | main(){}
      | ^~~~
configure:3063: $? = 0
configure:3070: result: yes
configure:3048: checking whether gcc supports -Wshadow 
configure:3063: gcc -c -g -O2 -Wall -Wextra -Wmissing-declarations -Wmissing-prototypes -Wimplicit-function-declaration -Wunused -Wuninitialized -Wvla -Wformat -Wformat-security -Wmain -Wsequence-point -Wshadow  conftest.c >&5
conftest.c:9:1: warning: return type defaults to 'int' [-Wimplicit-int]
    9 | main(){}
      | ^~~~
configure:3063: $? = 0
configure:3070: result: yes
configure:3048: checking whether gcc supports -Wbad-function-cast 
configure:3063: gcc -c -g -O2 -Wall -Wextra -Wmissing-declarations -Wmissing-prototypes -Wimplicit-function-declaration -Wunused -Wuninitialized -Wvla -Wformat -Wformat-security -Wmain -Wsequence-point -Wshadow -Wbad-function-cast  conftest.c >&5
conftest.c:9:1: warning: return type defaults to 'int' [-Wimplicit-int]
    9 | main(){}
      | ^~~~
configure:3063: $? = 0
configure:3070: result: yes
configure:3048: checking whether gcc supports -Wcomments 
configure:3063: gcc -c -g -O2 -Wall -Wextra -Wmissing-declarations -Wmissing-prototypes -Wimplicit-function-declaration -Wunused -Wuninitialized -Wvla -Wformat -Wformat-security -Wmain -Wsequence-point -Wshadow -Wbad-function-cast -Wcomments  conftest.c >&5
conftest.c:9:1: warning: return type defaults to 'int' [-Wimplicit-int]
    9 | main(){}
      | ^~~~
configure:3063: $? = 0
configure:3070: result: yes
configure:3048: checking whether gcc supports -Wdeclaration-after-statement 
configure:3063: gcc -c -g -O2 -Wall -Wextra -Wmissing-declarations -Wmissing-prototypes -Wimplicit-function-declaration -Wunused -Wuninitialized -Wvla -Wformat -Wformat-security -Wmain -Wsequence-point -Wshadow -Wbad-function-cast -Wcomments -Wdeclaration-after-statement  conftest.c >&5
conftest.c:9:1: warning: return type defaults to 'int' [-Wimplicit-int]
    9 | main(){}
      | ^~~~
configure:3063: $? = 0
configure:3070: result: yes
configure:3048: checking whether gcc supports -Waddress 
configure:3063: gcc -c -g -O2 -Wall -Wextra -Wmissing-declarations -Wmissing-prototypes -Wimplicit-function-declaration -Wunused -Wuninitialized -Wvla -Wformat -Wformat-security -Wmain -Wsequence-point -Wshadow -Wbad-function-cast -Wcomments -Wdeclaration-after-statement -Waddress  conftest.c >&5
conftest.c:9:1: warning: return type defaults to 'int' [-Wimplicit-int]
    9 | main(){}
      | ^~~~
configure:3063: $? = 0
configure:3070: result: yes
configure:3048: checking whether gcc supports -Wpointer-sign 
configure:3063: gcc -c -g -O2 -Wall -Wextra -Wmissing-declarations -Wmissing-prototypes -Wimplicit-function-declaration -Wunused -Wuninitialized -Wvla -Wformat -Wformat-security -Wmain -Wsequence-point -Wshadow -Wbad-function-cast -Wcomments -Wdeclaration-after-statement -Waddress -Wpointer-sign  conftest.c >&5
conftest.c:9:1: warning: return type defaults to 'int' [-Wimplicit-int]
    9 | main(){}
      | ^~~~
configure:3063: $? = 0
configure:3070: result: yes
configure:3048: checking whether gcc supports -Wempty-body 
configure:3063: gcc -c -g -O2 -Wall -Wextra -Wmissing-declarations -Wmissing-prototypes -Wimplicit-function-declaration -Wunused -Wuninitialized -Wvla -Wformat -Wformat-security -Wmain -Wsequence-point -Wshadow -Wbad-function-cast -Wcomments -Wdeclaration-after-statement -Waddress -Wpointer-sign -Wempty-body  conftest.c >&5
conftest.c:9:1: warning: return type defaults to 'int' [-Wimplicit-int]
    9 | main(){}
      | ^~~~
configure:3063: $? = 0
configure:3070: result: yes
configure:3048: checking whether gcc supports -Wnested-externs 
configure:3063: gcc -c -g -O2 -Wall -Wextra -Wmissing-declarations -Wmissing-prototypes -Wimplicit-function-declaration -Wunused -Wuninitialized -Wvla -Wformat -Wformat-security -Wmain -Wsequence-point -Wshadow -Wbad-function-cast -Wcomments -Wdeclaration-after-statement -Waddress -Wpointer-sign -Wempty-body -Wnested-externs  conftest.c >&5
conftest.c:9:1: warning: return type defaults to 'int' [-Wimplicit-int]
    9 | main(){}
      | ^~~~
configure:3063: $? = 0
configure:3070: result: yes
configure:3048: checking whether gcc supports -Wold-style-declaration 
configure:3063: gcc -c -g -O2 -Wall -Wextra -Wmissing-declarations -Wmissing-prototypes -Wimplicit-function-declaration -Wunused -Wuninitialized -Wvla -Wformat -Wformat-security -Wmain -Wsequence-point -Wshadow -Wbad-function-cast -Wcomments -Wdeclaration-after-statement -Waddress -Wpointer-sign -Wempty-body -Wnested-externs -Wold-style-declaration  conftest.c >&5
conftest.c:9:1: warning: return type defaults to 'int' [-Wimplicit-int]
    9 | main(){}
      | ^~~~
configure:3063: $? = 0
configure:3070: result: yes
configure:3048: checking whether gcc supports -Wold-style-definition 
configure:3063: gcc -c -g -O2 -Wall -Wextra -Wmissing-declarations -Wmissing-prototypes -Wimplicit-function-declaration -Wunused -Wuninitialized -Wvla -Wformat -Wformat-security -Wmain -Wsequence-point -Wshadow -Wbad-function-cast -Wcomments -Wdeclaration-after-statement -Waddress -Wpointer-sign -Wempty-body -Wnested-externs -Wold-style-declaration -Wold-style-definition  conftest.c >&5
conftest.c:9:1: warning: return type defaults to 'int' [-Wimplicit-int]
    9 | main(){}
      | ^~~~
conftest.c: In function 'main':
conftest.c:9:1: warning: old-style function definition [-Wold-style-definition]
configure:3063: $? = 0
configure:3070: result: yes
configure:3048: checking whether gcc supports -Wmissing-field-initializers 
configure:3063: gcc -c -g -O2 -Wall -Wextra -Wmissing-declarations -Wmissing-prototypes -Wimplicit-function-declaration -Wunused -Wuninitialized -Wvla -Wformat -Wformat-security -Wmain -Wsequence-point -Wshadow -Wbad-function-cast -Wcomments -Wdeclaration-after-statement -Waddress -Wpointer-sign -Wempty-body -Wnested-externs -Wold-style-declaration -Wold-style-definition -Wmissing-field-initializers  conftest.c >&5
conftest.c:9:1: warning: return type defaults to 'int' [-Wimplicit-int]
    9 | main(){}
      | ^~~~
conftest.c: In function 'main':
conftest.c:9:1: warning: old-style function definition [-Wold-style-definition]
configure:3063: $? = 0
configure:3070: result: yes
configure:3048: checking whether gcc supports -Wmaybe-uninitialized 
configure:3063: gcc -c -g -O2 -Wall -Wextra -Wmissing-declarations -Wmissing-prototypes -Wimplicit-function-declaration -Wunused -Wuninitialized -Wvla -Wformat -Wformat-security -Wmain -Wsequence-point -Wshadow -Wbad-function-cast -Wcomments -Wdeclaration-after-statement -Waddress -Wpointer-sign -Wempty-body -Wnested-externs -Wold-style-declaration -Wold-style-definition -Wmissing-field-initializers -Wmaybe-uninitialized  conftest.c >&5
conftest.c:9:1: warning: return type defaults to 'int' [-Wimplicit-int]
    9 | main(){}
      | ^~~~
conftest.c: In function 'main':
conftest.c:9:1: warning: old-style function definition [-Wold-style-definition]
configure:3063: $? = 0
configure:3070: result: yes
configure:3048: checking whether gcc supports -Wno-return-local-addr 
configure:3063: gcc -c -g -O2 -Wall -Wextra -Wmissing-declarations -Wmissing-prototypes -Wimplicit-function-declaration -Wunused -Wuninitialized -Wvla -Wformat -Wformat-security -Wmain -Wsequence-point -Wshadow -Wbad-function-cast -Wcomments -Wdeclaration-after-statement -Waddress -Wpointer-sign -Wempty-body -Wnested-externs -Wold-style-declaration -Wold-style-definition -Wmissing-field-initializers -Wmaybe-uninitialized -Wno-return-local-addr  conftest.c >&5
conftest.c:9:1: warning: return type defaults to 'int' [-Wimplicit-int]
    9 | main(){}
      | ^~~~
conftest.c: In function 'main':
conftest.c:9:1: warning: old-style function definition [-Wold-style-definition]
configure:3063: $? = 0
configure:3070: result: yes
configure:3048: checking whether gcc supports -Wreturn-type 
configure:3063: gcc -c -g -O2 -Wall -Wextra -Wmissing-declarations -Wmissing-prototypes -Wimplicit-function-declaration -Wunused -Wuninitialized -Wvla -Wformat -Wformat-security -Wmain -Wsequence-point -Wshadow -Wbad-function-cast -Wcomments -Wdeclaration-after-statement -Waddress -Wpointer-sign -Wempty-body -Wnested-externs -Wold-style-declaration -Wold-style-definition -Wmissing-field-initializers -Wmaybe-uninitialized -Wno-return-local-addr -Wreturn-type  conftest.c >&5
conftest.c:9:1: warning: return type defaults to 'int' [-Wimplicit-int]
    9 | main(){}
      | ^~~~
conftest.c: In function 'main':
conftest.c:9:1: warning: old-style function definition [-Wold-style-definition]
configure:3063: $? = 0
configure:3070: result: yes
configure:3048: checking whether gcc supports -Wsequence-point 
configure:3063: gcc -c -g -O2 -Wall -Wextra -Wmissing-declarations -Wmissing-prototypes -Wimplicit-function-declaration -Wunused -Wuninitialized -Wvla -Wformat -Wformat-security -Wmain -Wsequence-point -Wshadow -Wbad-function-cast -Wcomments -Wdeclaration-after-statement -Waddress -Wpointer-sign -Wempty-body -Wnested-externs -Wold-style-declaration -Wold-style-definition -Wmissing-field-initializers -Wmaybe-uninitialized -Wno-return-local-addr -Wreturn-type -Wsequence-point  conftest.c >&5
conftest.c:9:1: warning: return type defaults to 'int' [-Wimplicit-int]
    9 | main(){}
      | ^~~~
conftest.c: In function 'main':
conftest.c:9:1: warning: old-style function definition [-Wold-style-definition]
configure:3063: $? = 0
configure:3070: result: yes
configure:3048: checking whether gcc supports -Wundef 
configure:3063: gcc -c -g -O2 -Wall -Wextra -Wmissing-declarations -Wmissing-prototypes -Wimplicit-function-declaration -Wunused -Wuninitialized -Wvla -Wformat -Wformat-security -Wmain -Wsequence-point -Wshadow -Wbad-function-cast -Wcomments -Wdeclaration-after-statement -Waddress -Wpointer-sign -Wempty-body -Wnested-externs -Wold-style-declaration -Wold-style-definition -Wmissing-field-initializers -Wmaybe-uninitialized -Wno-return-local-addr -Wreturn-type -Wsequence-point -Wundef  conftest.c >&5
conftest.c:9:1: warning: return type defaults to 'int' [-Wimplicit-int]
    9 | main(){}
      | ^~~~
conftest.c: In function 'main':
conftest.c:9:1: warning: old-style function definition [-Wold-style-definition]
configure:3063: $? = 0
configure:3070: result: yes
configure:3048: checking whether gcc supports -Wunknown-pragmas 
configure:3063: gcc -c -g -O2 -Wall -Wextra -Wmissing-declarations -Wmissing-prototypes -Wimplicit-function-declaration -Wunused -Wuninitialized -Wvla -Wformat -Wformat-security -Wmain -Wsequence-point -Wshadow -Wbad-function-cast -Wcomments -Wdeclaration-after-statement -Waddress -Wpointer-sign -Wempty-body -Wnested-externs -Wold-style-declaration -Wold-style-definition -Wmissing-field-initializers -Wmaybe-uninitialized -Wno-return-local-addr -Wreturn-type -Wsequence-point -Wundef -Wunknown-pragmas  conftest.c >&5
conftest.c:9:1: warning: return type defaults to 'int' [-Wimplicit-int]
    9 | main(){}
      | ^~~~
conftest.c: In function 'main':
conftest.c:9:1: warning: old-style function definition [-Wold-style-definition]
configure:3063: $? = 0
configure:3070: result: yes
configure:3048: checking whether gcc supports -Wunused-label 
configure:3063: gcc -c -g -O2 -Wall -Wextra -Wmissing-declarations -Wmissing-prototypes -Wimplicit-function-declaration -Wunused -Wuninitialized -Wvla -Wformat -Wformat-security -Wmain -Wsequence-point -Wshadow -Wbad-function-cast -Wcomments -Wdeclaration-after-statement -Waddress -Wpointer-sign -Wempty-body -Wnested-externs -Wold-style-declaration -Wold-style-definition -Wmissing-field-initializers -Wmaybe-uninitialized -Wno-return-local-addr -Wreturn-type -Wsequence-point -Wundef -Wunknown-pragmas -Wunused-label  conftest.c >&5
conftest.c:9:1: warning: return type defaults to 'int' [-Wimplicit-int]
    9 | main(){}
      | ^~~~
conftest.c: In function 'main':
conftest.c:9:1: warning: old-style function definition [-Wold-style-definition]
configure:3063: $? = 0
configure:3070: result: yes
configure:3165: checking for ar
configure:3181: found /usr/bin/ar
configure:3192: result: ar
configure:3252: checking for ranlib
configure:3268: found /usr/bin/ranlib
configure:3279: result: ranlib
configure:3313: checking for compiler flag for specifying rpath 
configure:3330: /usr/bin/gcc  -o conftest -g -O2 -Wall -Wextra -Wmissing-declarations -Wmissing-prototypes -Wimplicit-function-declaration -Wunused -Wuninitialized -Wvla -Wformat -Wformat-security -Wmain -Wsequence-point -Wshadow -Wbad-function-cast -Wcomments -Wdeclaration-after-statement -Waddress -Wpointer-sign -Wempty-body -Wnested-externs -Wold-style-declaration -Wold-style-definition -Wmissing-field-initializers -Wmaybe-uninitialized -Wno-return-local-addr -Wreturn-type -Wsequence-point -Wundef -Wunknown-pragmas -Wunused-label   conftest.c -L/usr/local/lib  -lm -Wl,-rpath,/usr/lib >&5
conftest.c: In function 'main':
conftest.c:11:1: warning: old-style function definition [-Wold-style-definition]
   11 | main ()
      | ^~~~
configure:3330: $? = 0
configure:3341: result: "-Wl,-rpath,"
configure:3353: checking for grep that handles long lines and -e
configure:3411: result: /usr/bin/grep
configure:3416: checking for egrep
configure:3478: result: /usr/bin/grep -E
configure:3483: checking for ANSI C header files
configure:3503: /usr/bin/gcc  -c -g -O2 -Wall -Wextra -Wmissing-declarations -Wmissing-prototypes -Wimplicit-function-declaration -Wunused -Wuninitialized -Wvla -Wformat -Wformat-security -Wmain -Wsequence-point -Wshadow -Wbad-function-cast -Wcomments -Wdeclaration-after-statement -Waddress -Wpointer-sign -Wempty-body -Wnested-externs -Wold-style-declaration -Wold-style-definition -Wmissing-field-initializers -Wmaybe-uninitialized -Wno-return-local-addr -Wreturn-type -Wsequence-point -Wundef -Wunknown-pragmas -Wunused-label  conftest.c >&5
conftest.c: In function 'main':
conftest.c:15:1: warning: old-style function definition [-Wold-style-definition]
   15 | main ()
      | ^~~~
configure:3503: $? = 0
configure:3576: /usr/bin/gcc  -o conftest -g -O2 -Wall -Wextra -Wmissing-declarations -Wmissing-prototypes -Wimplicit-function-declaration -Wunused -Wuninitialized -Wvla -Wformat -Wformat-security -Wmain -Wsequence-point -Wshadow -Wbad-function-cast -Wcomments -Wdeclaration-after-statement -Waddress -Wpointer-sign -Wempty-body -Wnested-externs -Wold-style-declaration -Wold-style-definition -Wmissing-field-initializers -Wmaybe-uninitialized -Wno-return-local-addr -Wreturn-type -Wsequence-point -Wundef -Wunknown-pragmas -Wunused-label   conftest.c -L/usr/local/lib  -lm >&5
conftest.c: In function 'main':
conftest.c:21:1: warning: old-style function definition [-Wold-style-definition]
   21 | main ()
      | ^~~~
configure:3576: $? = 0
configure:3576: ./conftest
configure:3576: $? = 0
configure:3587: result: yes
configure:3596: checking whether to enable assertions
configure:3614: result: yes
configure:3617: checking whether time.h and sys/time.h may both be included
configure:3637: /usr/bin/gcc  -c -g -O2 -Wall -Wextra -Wmissing-declarations -Wmissing-prototypes -Wimplicit-function-declaration -Wunused -Wuninitialized -Wvla -Wformat -Wformat-security -Wmain -Wsequence-point -Wshadow -Wbad-function-cast -Wcomments -Wdeclaration-after-statement -Waddress -Wpointer-sign -Wempty-body -Wnested-externs -Wold-style-declaration -Wold-style-definition -Wmissing-field-initializers -Wmaybe-uninitialized -Wno-return-local-addr -Wreturn-type -Wsequence-point -Wundef -Wunknown-pragmas -Wunused-label  conftest.c >&5
conftest.c: In function 'main':
conftest.c:15:1: warning: old-style function definition [-Wold-style-definition]
   15 | main ()
      | ^~~~
configure:3637: $? = 0
configure:3644: result: yes
configure:3657: checking for sys/types.h
configure:3657: /usr/bin/gcc  -c -g -O2 -Wall -Wextra -Wmissing-declarations -Wmissing-prototypes -Wimplicit-function-declaration -Wunused -Wuninitialized -Wvla -Wformat -Wformat-security -Wmain -Wsequence-point -Wshadow -Wbad-function-cast -Wcomments -Wdeclaration-after-statement -Waddress -Wpointer-sign -Wempty-body -Wnested-externs -Wold-style-declaration -Wold-style-definition -Wmissing-field-initializers -Wmaybe-uninitialized -Wno-return-local-addr -Wreturn-type -Wsequence-point -Wundef -Wunknown-pragmas -Wunused-label  conftest.c >&5
configure:3657: $? = 0
configure:3657: result: yes
configure:3657: checking for sys/stat.h
configure:3657: /usr/bin/gcc  -c -g -O2 -Wall -Wextra -Wmissing-declarations -Wmissing-prototypes -Wimplicit-function-declaration -Wunused -Wuninitialized -Wvla -Wformat -Wformat-security -Wmain -Wsequence-point -Wshadow -Wbad-function-cast -Wcomments -Wdeclaration-after-statement -Waddress -Wpointer-sign -Wempty-body -Wnested-externs -Wold-style-declaration -Wold-style-definition -Wmissing-field-initializers -Wmaybe-uninitialized -Wno-return-local-addr -Wreturn-type -Wsequence-point -Wundef -Wunknown-pragmas -Wunused-label  conftest.c >&5
configure:3657: $? = 0
configure:3657: result: yes
configure:3657: checking for stdlib.h
configure:3657: /usr/bin/gcc  -c -g -O2 -Wall -Wextra -Wmissing-declarations -Wmissing-prototypes -Wimplicit-function-declaration -Wunused -Wuninitialized -Wvla -Wformat -Wformat-security -Wmain -Wsequence-point -Wshadow -Wbad-function-cast -Wcomments -Wdeclaration-after-statement -Waddress -Wpointer-sign -Wempty-body -Wnested-externs -Wold-style-declaration -Wold-style-definition -Wmissing-field-initializers -Wmaybe-uninitialized -Wno-return-local-addr -Wreturn-type -Wsequence-point -Wundef -Wunknown-pragmas -Wunused-label  conftest.c >&5
configure:3657: $? = 0
configure:3657: result: yes
configure:3657: checking for string.h
configure:3657: /usr/bin/gcc  -c -g -O2 -Wall -Wextra -Wmissing-declarations -Wmissing-prototypes -Wimplicit-function-declaration -Wunused -Wuninitialized -Wvla -Wformat -Wformat-security -Wmain -Wsequence-point -Wshadow -Wbad-function-cast -Wcomments -Wdeclaration-after-statement -Waddress -Wpointer-sign -Wempty-body -Wnested-externs -Wold-style-declaration -Wold-style-definition -Wmissing-field-initializers -Wmaybe-uninitialized -Wno-return-local-addr -Wreturn-type -Wsequence-point -Wundef -Wunknown-pragmas -Wunused-label  conftest.c >&5
configure:3657: $? = 0
configure:3657: result: yes
configure:3657: checking for memory.h
configure:3657: /usr/bin/gcc  -c -g -O2 -Wall -Wextra -Wmissing-declarations -Wmissing-prototypes -Wimplicit-function-declaration -Wunused -Wuninitialized -Wvla -Wformat -Wformat-security -Wmain -Wsequence-point -Wshadow -Wbad-function-cast -Wcomments -Wdeclaration-after-statement -Waddress -Wpointer-sign -Wempty-body -Wnested-externs -Wold-style-declaration -Wold-style-definition -Wmissing-field-initializers -Wmaybe-uninitialized -Wno-return-local-addr -Wreturn-type -Wsequence-point -Wundef -Wunknown-pragmas -Wunused-label  conftest.c >&5
configure:3657: $? = 0
configure:3657: result: yes
configure:3657: checking for strings.h
configure:3657: /usr/bin/gcc  -c -g -O2 -Wall -Wextra -Wmissing-declarations -Wmissing-prototypes -Wimplicit-function-declaration -Wunused -Wuninitialized -Wvla -Wformat -Wformat-security -Wmain -Wsequence-point -Wshadow -Wbad-function-cast -Wcomments -Wdeclaration-after-statement -Waddress -Wpointer-sign -Wempty-body -Wnested-externs -Wold-style-declaration -Wold-style-definition -Wmissing-field-initializers -Wmaybe-uninitialized -Wno-return-local-addr -Wreturn-type -Wsequence-point -Wundef -Wunknown-pragmas -Wunused-label  conftest.c >&5
configure:3657: $? = 0
configure:3657: result: yes
configure:3657: checking for inttypes.h
configure:3657: /usr/bin/gcc  -c -g -O2 -Wall -Wextra -Wmissing-declarations -Wmissing-prototypes -Wimplicit-function-declaration -Wunused -Wuninitialized -Wvla -Wformat -Wformat-security -Wmain -Wsequence-point -Wshadow -Wbad-function-cast -Wcomments -Wdeclaration-after-statement -Waddress -Wpointer-sign -Wempty-body -Wnested-externs -Wold-style-declaration -Wold-style-definition -Wmissing-field-initializers -Wmaybe-uninitialized -Wno-return-local-addr -Wreturn-type -Wsequence-point -Wundef -Wunknown-pragmas -Wunused-label  conftest.c >&5
configure:3657: $? = 0
configure:3657: result: yes
configure:3657: checking for stdint.h
configure:3657: /usr/bin/gcc  -c -g -O2 -Wall -Wextra -Wmissing-declarations -Wmissing-prototypes -Wimplicit-function-declaration -Wunused -Wuninitialized -Wvla -Wformat -Wformat-security -Wmain -Wsequence-point -Wshadow -Wbad-function-cast -Wcomments -Wdeclaration-after-statement -Waddress -Wpointer-sign -Wempty-body -Wnested-externs -Wold-style-declaration -Wold-style-definition -Wmissing-field-initializers -Wmaybe-uninitialized -Wno-return-local-addr -Wreturn-type -Wsequence-point -Wundef -Wunknown-pragmas -Wunused-label  conftest.c >&5
configure:3657: $? = 0
configure:3657: result: yes
configure:3657: checking for unistd.h
configure:3657: /usr/bin/gcc  -c -g -O2 -Wall -Wextra -Wmissing-declarations -Wmissing-prototypes -Wimplicit-function-declaration -Wunused -Wuninitialized -Wvla -Wformat -Wformat-security -Wmain -Wsequence-point -Wshadow -Wbad-function-cast -Wcomments -Wdeclaration-after-statement -Waddress -Wpointer-sign -Wempty-body -Wnested-externs -Wold-style-declaration -Wold-style-definition -Wmissing-field-initializers -Wmaybe-uninitialized -Wno-return-local-addr -Wreturn-type -Wsequence-point -Wundef -Wunknown-pragmas -Wunused-label  conftest.c >&5
configure:3657: $? = 0
configure:3657: result: yes
configure:3672: checking limits.h usability
configure:3672: /usr/bin/gcc  -c -g -O2 -Wall -Wextra -Wmissing-declarations -Wmissing-prototypes -Wimplicit-function-declaration -Wunused -Wuninitialized -Wvla -Wformat -Wformat-security -Wmain -Wsequence-point -Wshadow -Wbad-function-cast -Wcomments -Wdeclaration-after-statement -Waddress -Wpointer-sign -Wempty-body -Wnested-externs -Wold-style-declaration -Wold-style-definition -Wmissing-field-initializers -Wmaybe-uninitialized -Wno-return-local-addr -Wreturn-type -Wsequence-point -Wundef -Wunknown-pragmas -Wunused-label  conftest.c >&5
configure:3672: $? = 0
configure:3672: result: yes
configure:3672: checking limits.h presence
configure:3672: /usr/bin/gcc -E  conftest.c
configure:3672: $? = 0
configure:3672: result: yes
configure:3672: checking for limits.h
configure:3672: result: yes
configure:3672: checking ctype.h usability
configure:3672: /usr/bin/gcc  -c -g -O2 -Wall -Wextra -Wmissing-declarations -Wmissing-prototypes -Wimplicit-function-declaration -Wunused -Wuninitialized -Wvla -Wformat -Wformat-security -Wmain -Wsequence-point -Wshadow -Wbad-function-cast -Wcomments -Wdeclaration-after-statement -Waddress -Wpointer-sign -Wempty-body -Wnested-externs -Wold-style-declaration -Wold-style-definition -Wmissing-field-initializers -Wmaybe-uninitialized -Wno-return-local-addr -Wreturn-type -Wsequence-point -Wundef -Wunknown-pragmas -Wunused-label  conftest.c >&5
configure:3672: $? = 0
configure:3672: result: yes
configure:3672: checking ctype.h presence
configure:3672: /usr/bin/gcc -E  conftest.c
configure:3672: $? = 0
configure:3672: result: yes
configure:3672: checking for ctype.h
configure:3672: result: yes
configure:3685: checking sys/time.h usability
configure:3685: /usr/bin/gcc  -c -g -O2 -Wall -Wextra -Wmissing-declarations -Wmissing-prototypes -Wimplicit-function-declaration -Wunused -Wuninitialized -Wvla -Wformat -Wformat-security -Wmain -Wsequence-point -Wshadow -Wbad-function-cast -Wcomments -Wdeclaration-after-statement -Waddress -Wpointer-sign -Wempty-body -Wnested-externs -Wold-style-declaration -Wold-style-definition -Wmissing-field-initializers -Wmaybe-uninitialized -Wno-return-local-addr -Wreturn-type -Wsequence-point -Wundef -Wunknown-pragmas -Wunused-label  conftest.c >&5
configure:3685: $? = 0
configure:3685: result: yes
configure:3685: checking sys/time.h presence
configure:3685: /usr/bin/gcc -E  conftest.c
configure:3685: $? = 0
configure:3685: result: yes
configure:3685: checking for sys/time.h
configure:3685: result: yes
configure:3685: checking sys/resource.h usability
configure:3685: /usr/bin/gcc  -c -g -O2 -Wall -Wextra -Wmissing-declarations -Wmissing-prototypes -Wimplicit-function-declaration -Wunused -Wuninitialized -Wvla -Wformat -Wformat-security -Wmain -Wsequence-point -Wshadow -Wbad-function-cast -Wcomments -Wdeclaration-after-statement -Waddress -Wpointer-sign -Wempty-body -Wnested-externs -Wold-style-declaration -Wold-style-definition -Wmissing-field-initializers -Wmaybe-uninitialized -Wno-return-local-addr -Wreturn-type -Wsequence-point -Wundef -Wunknown-pragmas -Wunused-label  conftest.c >&5
configure:3685: $? = 0
configure:3685: result: yes
configure:3685: checking sys/resource.h presence
configure:3685: /usr/bin/gcc -E  conftest.c
configure:3685: $? = 0
configure:3685: result: yes
configure:3685: checking for sys/resource.h
configure:3685: result: yes
configure:3685: checking for unistd.h
configure:3685: result: yes
configure:3700: checking for gettimeofday
configure:3700: /usr/bin/gcc  -o conftest -g -O2 -Wall -Wextra -Wmissing-declarations -Wmissing-prototypes -Wimplicit-function-declaration -Wunused -Wuninitialized -Wvla -Wformat -Wformat-security -Wmain -Wsequence-point -Wshadow -Wbad-function-cast -Wcomments -Wdeclaration-after-statement -Waddress -Wpointer-sign -Wempty-body -Wnested-externs -Wold-style-declaration -Wold-style-definition -Wmissing-field-initializers -Wmaybe-uninitialized -Wno-return-local-addr -Wreturn-type -Wsequence-point -Wundef -Wunknown-pragmas -Wunused-label   conftest.c -L/usr/local/lib  -lm >&5
conftest.c: In function 'main':
conftest.c:57:1: warning: old-style function definition [-Wold-style-definition]
   57 | main ()
      | ^~~~
configure:3700: $? = 0
configure:3700: result: yes
configure:3700: checking for getrusage
configure:3700: /usr/bin/gcc  -o conftest -g -O2 -Wall -Wextra -Wmissing-declarations -Wmissing-prototypes -Wimplicit-function-declaration -Wunused -Wuninitialized -Wvla -Wformat -Wformat-security -Wmain -Wsequence-point -Wshadow -Wbad-function-cast -Wcomments -Wdeclaration-after-statement -Waddress -Wpointer-sign -Wempty-body -Wnested-externs -Wold-style-declaration -Wold-style-definition -Wmissing-field-initializers -Wmaybe-uninitialized -Wno-return-local-addr -Wreturn-type -Wsequence-point -Wundef -Wunknown-pragmas -Wunused-label   conftest.c -L/usr/local/lib  -lm >&5
conftest.c: In function 'main':
conftest.c:58:1: warning: old-style function definition [-Wold-style-definition]
   58 | main ()
      | ^~~~
configure:3700: $? = 0
configure:3700: result: yes
configure:3750: checking size of int
configure:3755: /usr/bin/gcc  -o conftest -g -O2 -Wall -Wextra -Wmissing-declarations -Wmissing-prototypes -Wimplicit-function-declaration -Wunused -Wuninitialized -Wvla -Wformat -Wformat-security -Wmain -Wsequence-point -Wshadow -Wbad-function-cast -Wcomments -Wdeclaration-after-statement -Waddress -Wpointer-sign -Wempty-body -Wnested-externs -Wold-style-declaration -Wold-style-definition -Wmissing-field-initializers -Wmaybe-uninitialized -Wno-return-local-addr -Wreturn-type -Wsequence-point -Wundef -Wunknown-pragmas -Wunused-label -I/home/pyang/Documents/libc_EM_iterative/sxamg-master/include  -I/usr/local/include -L/home/pyang/Documents/libc_EM_iterative/sxamg-master/src  -L/usr/local/lib conftest.c -L/usr/local/lib  -lm -lm >&5
conftest.c: In function 'longval':
conftest.c:60:17: warning: old-style function definition [-Wold-style-definition]
   60 | static long int longval () { return (long int) (sizeof (int)); }
      |                 ^~~~~~~
conftest.c: In function 'ulongval':
conftest.c:61:26: warning: old-style function definition [-Wold-style-definition]
   61 | static unsigned long int ulongval () { return (long int) (sizeof (int)); }
      |                          ^~~~~~~~
conftest.c: In function 'main':
conftest.c:65:1: warning: old-style function definition [-Wold-style-definition]
   65 | main ()
      | ^~~~
configure:3755: $? = 0
configure:3755: ./conftest
configure:3755: $? = 0
configure:3769: result: 4
configure:3783: checking size of long
configure:3788: /usr/bin/gcc  -o conftest -g -O2 -Wall -Wextra -Wmissing-declarations -Wmissing-prototypes -Wimplicit-function-declaration -Wunused -Wuninitialized -Wvla -Wformat -Wformat-security -Wmain -Wsequence-point -Wshadow -Wbad-function-cast -Wcomments -Wdeclaration-after-statement -Waddress -Wpointer-sign -Wempty-body -Wnested-externs -Wold-style-declaration -Wold-style-definition -Wmissing-field-initializers -Wmaybe-uninitialized -Wno-return-local-addr -Wreturn-type -Wsequence-point -Wundef -Wunknown-pragmas -Wunused-label -I/home/pyang/Documents/libc_EM_iterative/sxamg-master/include  -I/usr/local/include -L/home/pyang/Documents/libc_EM_iterative/sxamg-master/src  -L/usr/local/lib conftest.c -L/usr/local/lib  -lm -lm >&5
conftest.c: In function 'longval':
conftest.c:61:17: warning: old-style function definition [-Wold-style-definition]
   61 | static long int longval () { return (long int) (sizeof (long)); }
      |                 ^~~~~~~
conftest.c: In function 'ulongval':
conftest.c:62:26: warning: old-style function definition [-Wold-style-definition]
   62 | static unsigned long int ulongval () { return (long int) (sizeof (long)); }
      |                          ^~~~~~~~
conftest.c: In function 'main':
conftest.c:66:1: warning: old-style function definition [-Wold-style-definition]
   66 | main ()
      | ^~~~
configure:3788: $? = 0
configure:3788: ./conftest
configure:3788: $? = 0
configure:3802: result: 8
configure:3816: checking size of long long
configure:3821: /usr/bin/gcc  -o conftest -g -O2 -Wall -Wextra -Wmissing-declarations -Wmissing-prototypes -Wimplicit-function-declaration -Wunused -Wuninitialized -Wvla -Wformat -Wformat-security -Wmain -Wsequence-point -Wshadow -Wbad-function-cast -Wcomments -Wdeclaration-after-statement -Waddress -Wpointer-sign -Wempty-body -Wnested-externs -Wold-style-declaration -Wold-style-definition -Wmissing-field-initializers -Wmaybe-uninitialized -Wno-return-local-addr -Wreturn-type -Wsequence-point -Wundef -Wunknown-pragmas -Wunused-label -I/home/pyang/Documents/libc_EM_iterative/sxamg-master/include  -I/usr/local/include -L/home/pyang/Documents/libc_EM_iterative/sxamg-master/src  -L/usr/local/lib conftest.c -L/usr/local/lib  -lm -lm >&5
conftest.c: In function 'longval':
conftest.c:62:17: warning: old-style function definition [-Wold-style-definition]
   62 | static long int longval () { return (long int) (sizeof (long long)); }
      |                 ^~~~~~~
conftest.c: In function 'ulongval':
conftest.c:63:26: warning: old-style function definition [-Wold-style-definition]
   63 | static unsigned long int ulongval () { return (long int) (sizeof (long long)); }
      |                          ^~~~~~~~
conftest.c: In function 'main':
conftest.c:67:1: warning: old-style function definition [-Wold-style-definition]
   67 | main ()
      | ^~~~
configure:3821: $? = 0
configure:3821: ./conftest
configure:3821: $? = 0
configure:3835: result: 8
configure:3849: checking size of void *
configure:3854: /usr/bin/gcc  -o conftest -g -O2 -Wall -Wextra -Wmissing-declarations -Wmissing-prototypes -Wimplicit-function-declaration -Wunused -Wuninitialized -Wvla -Wformat -Wformat-security -Wmain -Wsequence-point -Wshadow -Wbad-function-cast -Wcomments -Wdeclaration-after-statement -Waddress -Wpointer-sign -Wempty-body -Wnested-externs -Wold-style-declaration -Wold-style-definition -Wmissing-field-initializers -Wmaybe-uninitialized -Wno-return-local-addr -Wreturn-type -Wsequence-point -Wundef -Wunknown-pragmas -Wunused-label -I/home/pyang/Documents/libc_EM_iterative/sxamg-master/include  -I/usr/local/include -L/home/pyang/Documents/libc_EM_iterative/sxamg-master/src  -L/usr/local/lib conftest.c -L/usr/local/lib  -lm -lm >&5
conftest.c: In function 'longval':
conftest.c:63:17: warning: old-style function definition [-Wold-style-definition]
   63 | static long int longval () { return (long int) (sizeof (void *)); }
      |                 ^~~~~~~
conftest.c: In function 'ulongval':
conftest.c:64:26: warning: old-style function definition [-Wold-style-definition]
   64 | static unsigned long int ulongval () { return (long int) (sizeof (void *)); }
      |                          ^~~~~~~~
conftest.c: In function 'main':
conftest.c:68:1: warning: old-style function definition [-Wold-style-definition]
   68 | main ()
      | ^~~~
configure:3854: $? = 0
configure:3854: ./conftest
configure:3854: $? = 0
configure:3868: result: 8
configure:3920: * use 'int' for 'INT'
configure:3940: checking for long double
configure:3973: result: yes
configure:4039: * use 'double' for 'FLOAT'
configure:4045: checking size of double
configure:4050: /usr/bin/gcc  -o conftest -g -O2 -Wall -Wextra -Wmissing-declarations -Wmissing-prototypes -Wimplicit-function-declaration -Wunused -Wuninitialized -Wvla -Wformat -Wformat-security -Wmain -Wsequence-point -Wshadow -Wbad-function-cast -Wcomments -Wdeclaration-after-statement -Waddress -Wpointer-sign -Wempty-body -Wnested-externs -Wold-style-declaration -Wold-style-definition -Wmissing-field-initializers -Wmaybe-uninitialized -Wno-return-local-addr -Wreturn-type -Wsequence-point -Wundef -Wunknown-pragmas -Wunused-label -I/home/pyang/Documents/libc_EM_iterative/sxamg-master/include  -I/usr/local/include -L/home/pyang/Documents/libc_EM_iterative/sxamg-master/src  -L/usr/local/lib conftest.c -L/usr/local/lib  -lm -lm >&5
conftest.c: In function 'longval':
conftest.c:68:17: warning: old-style function definition [-Wold-style-definition]
   68 | static long int longval () { return (long int) (sizeof (double)); }
      |                 ^~~~~~~
conftest.c: In function 'ulongval':
conftest.c:69:26: warning: old-style function definition [-Wold-style-definition]
   69 | static unsigned long int ulongval () { return (long int) (sizeof (double)); }
      |                          ^~~~~~~~
conftest.c: In function 'main':
conftest.c:73:1: warning: old-style function definition [-Wold-style-definition]
   73 | main ()
      | ^~~~
configure:4050: $? = 0
configure:4050: ./conftest
configure:4050: $? = 0
configure:4064: result: 8
configure:4201: creating ./config.status

## ---------------------- ##
## Running config.status. ##
## ---------------------- ##

This file was extended by config.status, which was
generated by GNU Autoconf 2.69.  Invocation command line was

  CONFIG_FILES    = 
  CONFIG_HEADERS  = 
  CONFIG_LINKS    = 
  CONFIG_COMMANDS = 
  $ ./config.status 

on pyang-Lenovo-Y50-70

config.status:826: creating Makefile
config.status:826: creating Makefile.inc
config.status:826: creating include/config.h

## ---------------- ##
## Cache variables. ##
## ---------------- ##

ac_cv_c_compiler_gnu=yes
ac_cv_env_CC_set=
ac_cv_env_CC_value=
ac_cv_env_CFLAGS_set=
ac_cv_env_CFLAGS_value=
ac_cv_env_CPPFLAGS_set=
ac_cv_env_CPPFLAGS_value=
ac_cv_env_CPP_set=
ac_cv_env_CPP_value=
ac_cv_env_LDFLAGS_set=
ac_cv_env_LDFLAGS_value=
ac_cv_env_LIBS_set=
ac_cv_env_LIBS_value=
ac_cv_env_build_alias_set=
ac_cv_env_build_alias_value=
ac_cv_env_host_alias_set=
ac_cv_env_host_alias_value=
ac_cv_env_target_alias_set=
ac_cv_env_target_alias_value=
ac_cv_func_getrusage=yes
ac_cv_func_gettimeofday=yes
ac_cv_header_ctype_h=yes
ac_cv_header_inttypes_h=yes
ac_cv_header_limits_h=yes
ac_cv_header_memory_h=yes
ac_cv_header_stdc=yes
ac_cv_header_stdint_h=yes
ac_cv_header_stdlib_h=yes
ac_cv_header_string_h=yes
ac_cv_header_strings_h=yes
ac_cv_header_sys_resource_h=yes
ac_cv_header_sys_stat_h=yes
ac_cv_header_sys_time_h=yes
ac_cv_header_sys_types_h=yes
ac_cv_header_time=yes
ac_cv_header_unistd_h=yes
ac_cv_objext=o
ac_cv_path_EGREP='/usr/bin/grep -E'
ac_cv_path_GREP=/usr/bin/grep
ac_cv_prog_AR=ar
ac_cv_prog_CPP='gcc -E'
ac_cv_prog_ac_ct_CC=gcc
ac_cv_prog_ac_ct_RANLIB=ranlib
ac_cv_prog_cc_c89=
ac_cv_prog_cc_g=yes
ac_cv_sizeof_double=8
ac_cv_sizeof_int=4
ac_cv_sizeof_long=8
ac_cv_sizeof_long_long=8
ac_cv_sizeof_void_p=8
ac_cv_type_long_double=yes

## ----------------- ##
## Output variables. ##
## ----------------- ##

AR='ar'
CC='/usr/bin/gcc '
CFLAGS='-g -O2 -Wall -Wextra -Wmissing-declarations -Wmissing-prototypes -Wimplicit-function-declaration -Wunused -Wuninitialized -Wvla -Wformat -Wformat-security -Wmain -Wsequence-point -Wshadow -Wbad-function-cast -Wcomments -Wdeclaration-after-statement -Waddress -Wpointer-sign -Wempty-body -Wnested-externs -Wold-style-declaration -Wold-style-definition -Wmissing-field-initializers -Wmaybe-uninitialized -Wno-return-local-addr -Wreturn-type -Wsequence-point -Wundef -Wunknown-pragmas -Wunused-label'
CPP='/usr/bin/gcc -E'
CPPFLAGS='-I/home/pyang/Documents/libc_EM_iterative/sxamg-master/include  -I/usr/local/include'
DEFS='-DHAVE_CONFIG_H'
ECHO_C=''
ECHO_N='-n'
ECHO_T=''
EGREP='/usr/bin/grep -E'
EXEEXT=''
GREP='/usr/bin/grep'
LDFLAGS='-L/home/pyang/Documents/libc_EM_iterative/sxamg-master/src  -L/usr/local/lib'
LIBOBJS=''
LIBS='-lsxamg -L/usr/local/lib  -lm -lm'
LINKER='/usr/bin/gcc '
LTLIBOBJS=''
OBJEXT='o'
PACKAGE_BUGREPORT=''
PACKAGE_NAME=''
PACKAGE_STRING=''
PACKAGE_TARNAME=''
PACKAGE_URL=''
PACKAGE_VERSION=''
PATH_SEPARATOR=':'
RANLIB='ranlib'
RPATH_FLAG='-Wl,-rpath,'
SHELL='/bin/bash'
USE_LONG_DOUBLE='0'
USE_LONG_INT=''
ac_ct_CC='gcc'
bindir='${exec_prefix}/bin'
build_alias=''
datadir='${datarootdir}'
datarootdir='${prefix}/share'
docdir='${datarootdir}/doc/${PACKAGE}'
dvidir='${docdir}'
exec_prefix='${prefix}'
host_alias=''
htmldir='${docdir}'
includedir='${prefix}/include'
infodir='${datarootdir}/info'
libdir='${exec_prefix}/lib'
libexecdir='${exec_prefix}/libexec'
localedir='${datarootdir}/locale'
localstatedir='${prefix}/var'
mandir='${datarootdir}/man'
oldincludedir='/usr/include'
pdfdir='${docdir}'
prefix='/usr/local/sxamg'
program_transform_name='s,x,x,'
psdir='${docdir}'
sbindir='${exec_prefix}/sbin'
sharedstatedir='${prefix}/com'
sysconfdir='${prefix}/etc'
target_alias=''

## ----------- ##
## confdefs.h. ##
## ----------- ##

/* confdefs.h */
#define PACKAGE_NAME ""
#define PACKAGE_TARNAME ""
#define PACKAGE_VERSION ""
#define PACKAGE_STRING ""
#define PACKAGE_BUGREPORT ""
#define PACKAGE_URL ""
#define STDC_HEADERS 1
#define TIME_WITH_SYS_TIME 1
#define HAVE_SYS_TYPES_H 1
#define HAVE_SYS_STAT_H 1
#define HAVE_STDLIB_H 1
#define HAVE_STRING_H 1
#define HAVE_MEMORY_H 1
#define HAVE_STRINGS_H 1
#define HAVE_INTTYPES_H 1
#define HAVE_STDINT_H 1
#define HAVE_UNISTD_H 1
#define HAVE_LIMITS_H 1
#define HAVE_CTYPE_H 1
#define HAVE_SYS_TIME_H 1
#define HAVE_SYS_RESOURCE_H 1
#define HAVE_UNISTD_H 1
#define HAVE_GETTIMEOFDAY 1
#define HAVE_GETRUSAGE 1
#define SIZEOF_INT 4
#define SIZEOF_LONG 8
#define SIZEOF_LONG_LONG 8
#define SIZEOF_VOID_P 8
#define USE_LONG_LONG 0
#define USE_LONG 0
#define dFMT "d"
#define HAVE_LONG_DOUBLE 1
#define SIZEOF_DOUBLE 8
#define USE_LONG_DOUBLE 0
#define fFMTe "e"
#define fFMTE "E"
#define fFMTf "lf"
#define fFMTg "g"
#define fFMTG "G"

configure: exit 0
